Mémoire totale : 4,0 GiB
Instanciation du bot "Random"
13 classes ont été trouvées
class awele.bot.demo.random.RandomBot
class awele.bot.demo.last.LastBot
class awele.bot.competitor.aweleBOT.MCTS
class awele.bot.competitor.aweleBOT.PartiallyGuidedLastBOT
class awele.bot.demo.knn2.Knn2Bot
class awele.bot.competitor.aweleBOT.PartiallyGuidedMinmaxBOT
class awele.bot.competitor.aweleBOT.MCTS2
class awele.bot.demo.first.FirstBot
class awele.bot.random.RandomBot
class awele.bot.demo.minmax.MinMaxBot
class awele.bot.competitor.aweleBOT.PartiallyRandomBOT
class awele.bot.demo.knn1.Knn1Bot
class awele.bot.competitor.aweleBOT.Random

Bot 1/13
Classe : awele.bot.demo.random.RandomBot
Instanciation du bot "Random"
Nom du bot : Random
Auteur(s) : Alexandre Blansché
Temps d'apprentissage : 00:00:00.000
Durée d'une prise de décision : 00:00:00.000
Usage mémoire : 0 B
Usage mémoire maximum : 1,8 MiB

Bot 2/13
Classe : awele.bot.demo.last.LastBot
Instanciation du bot "Last"
Nom du bot : Last
Auteur(s) : Alexandre Blansché
Temps d'apprentissage : 00:00:00.000
Durée d'une prise de décision : 00:00:00.000
Usage mémoire : 160 B
Usage mémoire maximum : 308,4 KiB

Bot 3/13
Classe : awele.bot.competitor.aweleBOT.MCTS
Instanciation du bot "AweleBOT- mcts TEST"
Instanciation du bot "PartiallyRandomBOT"
Instanciation du bot "PartiallyRandomBOT"
Instanciation du bot "PartiallyGuidedMinmaxBOT"
Instanciation du bot "PartiallyGuidedMinmaxBOT"
Nom du bot : AweleBOT- mcts TEST
Auteur(s) : LALLEMENT Eliott et SAFSAF Sofyann
Temps d'apprentissage : 00:00:00.000
Durée d'une prise de décision : 00:00:00.004
Usage mémoire : 615,5 KiB
Usage mémoire maximum : 69,1 MiB

Bot 4/13
Classe : awele.bot.competitor.aweleBOT.PartiallyGuidedLastBOT
Instanciation du bot "PartiallyGuidedLastBOT"
Nom du bot : PartiallyGuidedLastBOT
Auteur(s) : Alexandre Blansché
Temps d'apprentissage : 00:00:00.000
Bot "awele.bot.competitor.aweleBOT.PartiallyGuidedLastBOT" disqualifié : ne peut pas être instancié
java.lang.NullPointerException: Cannot invoke "java.util.ArrayList.size()" because "this.firstMoves" is null

Bot 5/13
Classe : awele.bot.demo.knn2.Knn2Bot
Instanciation du bot "k-NN2"
Nom du bot : k-NN2
Auteur(s) : Alexandre Blansché
Temps d'apprentissage : 00:00:00.000
Bot "awele.bot.demo.knn2.Knn2Bot" disqualifié : ne peut pas être instancié
java.lang.ArrayIndexOutOfBoundsException: Index 10 out of bounds for length 0

Bot 6/13
Classe : awele.bot.competitor.aweleBOT.PartiallyGuidedMinmaxBOT
Instanciation du bot "PartiallyGuidedMinmaxBOT"
Nom du bot : PartiallyGuidedMinmaxBOT
Auteur(s) : LALLEMENT Eliott et SAFSAF Sofyann
Temps d'apprentissage : 00:00:00.000
Durée d'une prise de décision : 00:00:00.054
Usage mémoire : 1,4 KiB
Usage mémoire maximum : 76,0 MiB

Bot 7/13
Classe : awele.bot.competitor.aweleBOT.MCTS2
Instanciation du bot "MCTS VERSION 2"
Nom du bot : MCTS VERSION 2
Auteur(s) : LALLEMENT Eliott et SAFSAF Sofyann
Temps d'apprentissage : 00:00:00.000
Durée d'une prise de décision : 00:00:00.108
Usage mémoire : 19,1 MiB
Usage mémoire maximum : 296,5 MiB

Bot 8/13
Classe : awele.bot.demo.first.FirstBot
Instanciation du bot "First"
Nom du bot : First
Auteur(s) : Alexandre Blansché
Temps d'apprentissage : 00:00:00.000
Durée d'une prise de décision : 00:00:00.000
Usage mémoire : 800 B
Usage mémoire maximum : 1019,9 KiB

Bot 9/13
Classe : awele.bot.random.RandomBot
Instanciation du bot "Random"
Nom du bot : Random
Auteur(s) : Alexandre Blansché
Temps d'apprentissage : 00:00:00.000
Durée d'une prise de décision : 00:00:00.000
Usage mémoire : 808 B
Usage mémoire maximum : 938,3 KiB

Bot 10/13
Classe : awele.bot.demo.minmax.MinMaxBot
Instanciation du bot "MinMax"
Nom du bot : MinMax
Auteur(s) : Alexandre Blansché
Temps d'apprentissage : 00:00:00.000
Durée d'une prise de décision : 00:00:00.075
Usage mémoire : 1,5 KiB
Usage mémoire maximum : 52,0 MiB

Bot 11/13
Classe : awele.bot.competitor.aweleBOT.PartiallyRandomBOT
Instanciation du bot "PartiallyRandomBOT"
Nom du bot : PartiallyRandomBOT
Auteur(s) : LALLEMENT Eliott et SAFSAF Sofyann
Temps d'apprentissage : 00:00:00.000
Bot "awele.bot.competitor.aweleBOT.PartiallyRandomBOT" disqualifié : ne peut pas être instancié
java.lang.NullPointerException: Cannot invoke "java.util.ArrayList.size()" because "this.firstMoves" is null

Bot 12/13
Classe : awele.bot.demo.knn1.Knn1Bot
Instanciation du bot "k-NN1"
Nom du bot : k-NN1
Auteur(s) : Alexandre Blansché
Temps d'apprentissage : 00:00:00.000
Bot "awele.bot.demo.knn1.Knn1Bot" disqualifié : ne peut pas être instancié
java.lang.ArrayIndexOutOfBoundsException: Index 10 out of bounds for length 0

Bot 13/13
Classe : awele.bot.competitor.aweleBOT.Random
Instanciation du bot "AweleBOT- random"
Nom du bot : AweleBOT- random
Auteur(s) : LALLEMENT Eliott et SAFSAF Sofyann
Temps d'apprentissage : 00:00:00.000
Durée d'une prise de décision : 00:00:00.000
Usage mémoire : 808 B
Usage mémoire maximum : 1023,1 KiB

9 bots ont été instanciés
Durée du chargement : 00:00:29.192
Mémoire utilisée : 22,5 MiB

Que le championnat commence !

Affrontement 1/36
Random vs. Last
Score : 0.0 - 3.0
Last a gagné
Nombre de coups joués : 137.0 par match
Durée : 00:00:00.000 par match
Mémoire utilisée : 21,3 MiB

Affrontement 2/36
Random vs. AweleBOT- mcts TEST
Score : 3.0 - 0.0
Random a gagné
Nombre de coups joués : 65.0 par match
Durée : 00:00:00.047 par match
Mémoire utilisée : 21,3 MiB

Affrontement 3/36
Random vs. PartiallyGuidedMinmaxBOT
Score : 0.0 - 3.0
PartiallyGuidedMinmaxBOT a gagné
Nombre de coups joués : 22.5 par match
Durée : 00:00:00.737 par match
Mémoire utilisée : 21,3 MiB

Affrontement 4/36
Random vs. MCTS VERSION 2
Score : 3.0 - 0.0
Random a gagné
Nombre de coups joués : 143.0 par match
Durée : 00:00:07.721 par match
Mémoire utilisée : 9,4 MiB

Affrontement 5/36
Random vs. First
Score : 0.0 - 3.0
First a gagné
Nombre de coups joués : 212.5 par match
Durée : 00:00:00.000 par match
Mémoire utilisée : 9,4 MiB

Affrontement 6/36
Random vs. Random
Score : 0.0 - 3.0
Random a gagné
Nombre de coups joués : 81.5 par match
Durée : 00:00:00.000 par match
Mémoire utilisée : 9,4 MiB

Affrontement 7/36
Random vs. MinMax
Score : 0.0 - 3.0
MinMax a gagné
Nombre de coups joués : 15.5 par match
Durée : 00:00:00.534 par match
Mémoire utilisée : 9,4 MiB

Affrontement 8/36
Random vs. AweleBOT- random
Score : 3.0 - 0.0
Random a gagné
Nombre de coups joués : 100.0 par match
Durée : 00:00:00.000 par match
Mémoire utilisée : 9,4 MiB

Affrontement 9/36
Last vs. AweleBOT- mcts TEST
Score : 3.0 - 0.0
Last a gagné
Nombre de coups joués : 54.5 par match
Durée : 00:00:00.039 par match
Mémoire utilisée : 9,4 MiB

Affrontement 10/36
Last vs. PartiallyGuidedMinmaxBOT
Score : 0.0 - 3.0
PartiallyGuidedMinmaxBOT a gagné
Nombre de coups joués : 38.5 par match
Durée : 00:00:01.359 par match
Mémoire utilisée : 9,4 MiB

Affrontement 11/36
Last vs. MCTS VERSION 2
